<?xml version="1.0" encoding="UTF-8"?>
<testsuite xmlns:xsi="http://www.w3.org/2001/XMLSchema-instance" xsi:noNamespaceSchemaLocation="https://maven.apache.org/surefire/maven-surefire-plugin/xsd/surefire-test-report-3.0.xsd" version="3.0" name="com.devigor.zilla_order.controller.ProductControllerTest" time="51.992" tests="1" errors="0" skipped="0" failures="0">
  <properties>
    <property name="java.specification.version" value="21"/>
    <property name="sun.cpu.isalist" value="amd64"/>
    <property name="sun.jnu.encoding" value="Cp1252"/>
    <property name="java.class.path" value="C:\Users\igorp\Documents\Code\Igor\projects\zilla-order\zilla-order\target\test-classes;C:\Users\igorp\Documents\Code\Igor\projects\zilla-order\zilla-order\target\classes;C:\Users\igorp\.m2\repository\org\springframework\boot\spring-boot-starter-data-mongodb\3.3.5\spring-boot-starter-data-mongodb-3.3.5.jar;C:\Users\igorp\.m2\repository\org\springframework\boot\spring-boot-starter\3.3.5\spring-boot-starter-3.3.5.jar;C:\Users\igorp\.m2\repository\org\springframework\boot\spring-boot\3.3.5\spring-boot-3.3.5.jar;C:\Users\igorp\.m2\repository\org\springframework\boot\spring-boot-autoconfigure\3.3.5\spring-boot-autoconfigure-3.3.5.jar;C:\Users\igorp\.m2\repository\org\springframework\boot\spring-boot-starter-logging\3.3.5\spring-boot-starter-logging-3.3.5.jar;C:\Users\igorp\.m2\repository\ch\qos\logback\logback-classic\1.5.11\logback-classic-1.5.11.jar;C:\Users\igorp\.m2\repository\ch\qos\logback\logback-core\1.5.11\logback-core-1.5.11.jar;C:\Users\igorp\.m2\repository\org\apache\logging\log4j\log4j-to-slf4j\2.23.1\log4j-to-slf4j-2.23.1.jar;C:\Users\igorp\.m2\repository\org\apache\logging\log4j\log4j-api\2.23.1\log4j-api-2.23.1.jar;C:\Users\igorp\.m2\repository\org\slf4j\jul-to-slf4j\2.0.16\jul-to-slf4j-2.0.16.jar;C:\Users\igorp\.m2\repository\jakarta\annotation\jakarta.annotation-api\2.1.1\jakarta.annotation-api-2.1.1.jar;C:\Users\igorp\.m2\repository\org\yaml\snakeyaml\2.2\snakeyaml-2.2.jar;C:\Users\igorp\.m2\repository\org\mongodb\mongodb-driver-sync\5.0.1\mongodb-driver-sync-5.0.1.jar;C:\Users\igorp\.m2\repository\org\mongodb\bson\5.0.1\bson-5.0.1.jar;C:\Users\igorp\.m2\repository\org\mongodb\mongodb-driver-core\5.0.1\mongodb-driver-core-5.0.1.jar;C:\Users\igorp\.m2\repository\org\mongodb\bson-record-codec\5.0.1\bson-record-codec-5.0.1.jar;C:\Users\igorp\.m2\repository\org\springframework\data\spring-data-mongodb\4.3.5\spring-data-mongodb-4.3.5.jar;C:\Users\igorp\.m2\repository\org\springframework\spring-tx\6.1.14\spring-tx-6.1.14.jar;C:\Users\igorp\.m2\repository\org\springframework\spring-context\6.1.14\spring-context-6.1.14.jar;C:\Users\igorp\.m2\repository\org\springframework\spring-beans\6.1.14\spring-beans-6.1.14.jar;C:\Users\igorp\.m2\repository\org\springframework\spring-expression\6.1.14\spring-expression-6.1.14.jar;C:\Users\igorp\.m2\repository\org\springframework\data\spring-data-commons\3.3.5\spring-data-commons-3.3.5.jar;C:\Users\igorp\.m2\repository\org\slf4j\slf4j-api\2.0.16\slf4j-api-2.0.16.jar;C:\Users\igorp\.m2\repository\org\springframework\boot\spring-boot-starter-security\3.3.5\spring-boot-starter-security-3.3.5.jar;C:\Users\igorp\.m2\repository\org\springframework\spring-aop\6.1.14\spring-aop-6.1.14.jar;C:\Users\igorp\.m2\repository\org\springframework\security\spring-security-config\6.3.4\spring-security-config-6.3.4.jar;C:\Users\igorp\.m2\repository\org\springframework\security\spring-security-web\6.3.4\spring-security-web-6.3.4.jar;C:\Users\igorp\.m2\repository\org\springframework\boot\spring-boot-starter-web\3.3.5\spring-boot-starter-web-3.3.5.jar;C:\Users\igorp\.m2\repository\org\springframework\boot\spring-boot-starter-json\3.3.5\spring-boot-starter-json-3.3.5.jar;C:\Users\igorp\.m2\repository\com\fasterxml\jackson\core\jackson-databind\2.17.2\jackson-databind-2.17.2.jar;C:\Users\igorp\.m2\repository\com\fasterxml\jackson\core\jackson-annotations\2.17.2\jackson-annotations-2.17.2.jar;C:\Users\igorp\.m2\repository\com\fasterxml\jackson\core\jackson-core\2.17.2\jackson-core-2.17.2.jar;C:\Users\igorp\.m2\repository\com\fasterxml\jackson\datatype\jackson-datatype-jdk8\2.17.2\jackson-datatype-jdk8-2.17.2.jar;C:\Users\igorp\.m2\repository\com\fasterxml\jackson\datatype\jackson-datatype-jsr310\2.17.2\jackson-datatype-jsr310-2.17.2.jar;C:\Users\igorp\.m2\repository\com\fasterxml\jackson\module\jackson-module-parameter-names\2.17.2\jackson-module-parameter-names-2.17.2.jar;C:\Users\igorp\.m2\repository\org\springframework\boot\spring-boot-starter-tomcat\3.3.5\spring-boot-starter-tomcat-3.3.5.jar;C:\Users\igorp\.m2\repository\org\apache\tomcat\embed\tomcat-embed-core\10.1.31\tomcat-embed-core-10.1.31.jar;C:\Users\igorp\.m2\repository\org\apache\tomcat\embed\tomcat-embed-el\10.1.31\tomcat-embed-el-10.1.31.jar;C:\Users\igorp\.m2\repository\org\apache\tomcat\embed\tomcat-embed-websocket\10.1.31\tomcat-embed-websocket-10.1.31.jar;C:\Users\igorp\.m2\repository\org\springframework\spring-web\6.1.14\spring-web-6.1.14.jar;C:\Users\igorp\.m2\repository\io\micrometer\micrometer-observation\1.13.6\micrometer-observation-1.13.6.jar;C:\Users\igorp\.m2\repository\io\micrometer\micrometer-commons\1.13.6\micrometer-commons-1.13.6.jar;C:\Users\igorp\.m2\repository\org\springframework\spring-webmvc\6.1.14\spring-webmvc-6.1.14.jar;C:\Users\igorp\.m2\repository\org\junit\jupiter\junit-jupiter\5.10.0\junit-jupiter-5.10.0.jar;C:\Users\igorp\.m2\repository\org\junit\jupiter\junit-jupiter-api\5.10.5\junit-jupiter-api-5.10.5.jar;C:\Users\igorp\.m2\repository\org\opentest4j\opentest4j\1.3.0\opentest4j-1.3.0.jar;C:\Users\igorp\.m2\repository\org\junit\platform\junit-platform-commons\1.10.5\junit-platform-commons-1.10.5.jar;C:\Users\igorp\.m2\repository\org\apiguardian\apiguardian-api\1.1.2\apiguardian-api-1.1.2.jar;C:\Users\igorp\.m2\repository\org\junit\jupiter\junit-jupiter-params\5.10.5\junit-jupiter-params-5.10.5.jar;C:\Users\igorp\.m2\repository\org\junit\jupiter\junit-jupiter-engine\5.10.5\junit-jupiter-engine-5.10.5.jar;C:\Users\igorp\.m2\repository\org\junit\platform\junit-platform-engine\1.10.5\junit-platform-engine-1.10.5.jar;C:\Users\igorp\.m2\repository\org\testcontainers\junit-jupiter\1.20.4\junit-jupiter-1.20.4.jar;C:\Users\igorp\.m2\repository\org\testcontainers\testcontainers\1.20.4\testcontainers-1.20.4.jar;C:\Users\igorp\.m2\repository\junit\junit\4.13.2\junit-4.13.2.jar;C:\Users\igorp\.m2\repository\org\hamcrest\hamcrest-core\2.2\hamcrest-core-2.2.jar;C:\Users\igorp\.m2\repository\org\apache\commons\commons-compress\1.24.0\commons-compress-1.24.0.jar;C:\Users\igorp\.m2\repository\org\rnorth\duct-tape\duct-tape\1.0.8\duct-tape-1.0.8.jar;C:\Users\igorp\.m2\repository\org\jetbrains\annotations\17.0.0\annotations-17.0.0.jar;C:\Users\igorp\.m2\repository\com\github\docker-java\docker-java-api\3.4.0\docker-java-api-3.4.0.jar;C:\Users\igorp\.m2\repository\com\github\docker-java\docker-java-transport-zerodep\3.4.0\docker-java-transport-zerodep-3.4.0.jar;C:\Users\igorp\.m2\repository\com\github\docker-java\docker-java-transport\3.4.0\docker-java-transport-3.4.0.jar;C:\Users\igorp\.m2\repository\net\java\dev\jna\jna\5.13.0\jna-5.13.0.jar;C:\Users\igorp\.m2\repository\org\testcontainers\mongodb\1.20.4\mongodb-1.20.4.jar;C:\Users\igorp\.m2\repository\org\postgresql\postgresql\42.7.4\postgresql-42.7.4.jar;C:\Users\igorp\.m2\repository\org\checkerframework\checker-qual\3.42.0\checker-qual-3.42.0.jar;C:\Users\igorp\.m2\repository\org\projectlombok\lombok\1.18.34\lombok-1.18.34.jar;C:\Users\igorp\.m2\repository\org\springframework\boot\spring-boot-starter-test\3.3.5\spring-boot-starter-test-3.3.5.jar;C:\Users\igorp\.m2\repository\org\springframework\boot\spring-boot-test\3.3.5\spring-boot-test-3.3.5.jar;C:\Users\igorp\.m2\repository\org\springframework\boot\spring-boot-test-autoconfigure\3.3.5\spring-boot-test-autoconfigure-3.3.5.jar;C:\Users\igorp\.m2\repository\com\jayway\jsonpath\json-path\2.9.0\json-path-2.9.0.jar;C:\Users\igorp\.m2\repository\jakarta\xml\bind\jakarta.xml.bind-api\4.0.2\jakarta.xml.bind-api-4.0.2.jar;C:\Users\igorp\.m2\repository\jakarta\activation\jakarta.activation-api\2.1.3\jakarta.activation-api-2.1.3.jar;C:\Users\igorp\.m2\repository\net\minidev\json-smart\2.5.1\json-smart-2.5.1.jar;C:\Users\igorp\.m2\repository\net\minidev\accessors-smart\2.5.1\accessors-smart-2.5.1.jar;C:\Users\igorp\.m2\repository\org\ow2\asm\asm\9.6\asm-9.6.jar;C:\Users\igorp\.m2\repository\org\assertj\assertj-core\3.25.3\assertj-core-3.25.3.jar;C:\Users\igorp\.m2\repository\net\bytebuddy\byte-buddy\1.14.19\byte-buddy-1.14.19.jar;C:\Users\igorp\.m2\repository\org\awaitility\awaitility\4.2.2\awaitility-4.2.2.jar;C:\Users\igorp\.m2\repository\org\hamcrest\hamcrest\2.2\hamcrest-2.2.jar;C:\Users\igorp\.m2\repository\org\mockito\mockito-core\5.11.0\mockito-core-5.11.0.jar;C:\Users\igorp\.m2\repository\net\bytebuddy\byte-buddy-agent\1.14.19\byte-buddy-agent-1.14.19.jar;C:\Users\igorp\.m2\repository\org\objenesis\objenesis\3.3\objenesis-3.3.jar;C:\Users\igorp\.m2\repository\org\mockito\mockito-junit-jupiter\5.11.0\mockito-junit-jupiter-5.11.0.jar;C:\Users\igorp\.m2\repository\org\skyscreamer\jsonassert\1.5.3\jsonassert-1.5.3.jar;C:\Users\igorp\.m2\repository\com\vaadin\external\google\android-json\0.0.20131108.vaadin1\android-json-0.0.20131108.vaadin1.jar;C:\Users\igorp\.m2\repository\org\springframework\spring-core\6.1.14\spring-core-6.1.14.jar;C:\Users\igorp\.m2\repository\org\springframework\spring-jcl\6.1.14\spring-jcl-6.1.14.jar;C:\Users\igorp\.m2\repository\org\springframework\spring-test\6.1.14\spring-test-6.1.14.jar;C:\Users\igorp\.m2\repository\org\xmlunit\xmlunit-core\2.9.1\xmlunit-core-2.9.1.jar;C:\Users\igorp\.m2\repository\org\springframework\security\spring-security-test\6.3.4\spring-security-test-6.3.4.jar;C:\Users\igorp\.m2\repository\org\springframework\security\spring-security-core\6.3.4\spring-security-core-6.3.4.jar;C:\Users\igorp\.m2\repository\org\springframework\security\spring-security-crypto\6.3.4\spring-security-crypto-6.3.4.jar;"/>
    <property name="java.vm.vendor" value="Oracle Corporation"/>
    <property name="sun.arch.data.model" value="64"/>
    <property name="user.variant" value=""/>
    <property name="java.vendor.url" value="https://java.oracle.com/"/>
    <property name="user.timezone" value="Europe/Lisbon"/>
    <property name="os.name" value="Windows 11"/>
    <property name="java.vm.specification.version" value="21"/>
    <property name="sun.java.launcher" value="SUN_STANDARD"/>
    <property name="user.country" value="BR"/>
    <property name="sun.boot.library.path" value="C:\Users\igorp\.jdks\openjdk-21.0.2\bin"/>
    <property name="sun.java.command" value="C:\Users\igorp\AppData\Local\Temp\surefire6650089794105376994\surefirebooter-20241204184413379_3.jar C:\Users\igorp\AppData\Local\Temp\surefire6650089794105376994 2024-12-04T18-44-13_115-jvmRun1 surefire-20241204184413379_1tmp surefire_0-20241204184413379_2tmp"/>
    <property name="jdk.debug" value="release"/>
    <property name="surefire.test.class.path" value="C:\Users\igorp\Documents\Code\Igor\projects\zilla-order\zilla-order\target\test-classes;C:\Users\igorp\Documents\Code\Igor\projects\zilla-order\zilla-order\target\classes;C:\Users\igorp\.m2\repository\org\springframework\boot\spring-boot-starter-data-mongodb\3.3.5\spring-boot-starter-data-mongodb-3.3.5.jar;C:\Users\igorp\.m2\repository\org\springframework\boot\spring-boot-starter\3.3.5\spring-boot-starter-3.3.5.jar;C:\Users\igorp\.m2\repository\org\springframework\boot\spring-boot\3.3.5\spring-boot-3.3.5.jar;C:\Users\igorp\.m2\repository\org\springframework\boot\spring-boot-autoconfigure\3.3.5\spring-boot-autoconfigure-3.3.5.jar;C:\Users\igorp\.m2\repository\org\springframework\boot\spring-boot-starter-logging\3.3.5\spring-boot-starter-logging-3.3.5.jar;C:\Users\igorp\.m2\repository\ch\qos\logback\logback-classic\1.5.11\logback-classic-1.5.11.jar;C:\Users\igorp\.m2\repository\ch\qos\logback\logback-core\1.5.11\logback-core-1.5.11.jar;C:\Users\igorp\.m2\repository\org\apache\logging\log4j\log4j-to-slf4j\2.23.1\log4j-to-slf4j-2.23.1.jar;C:\Users\igorp\.m2\repository\org\apache\logging\log4j\log4j-api\2.23.1\log4j-api-2.23.1.jar;C:\Users\igorp\.m2\repository\org\slf4j\jul-to-slf4j\2.0.16\jul-to-slf4j-2.0.16.jar;C:\Users\igorp\.m2\repository\jakarta\annotation\jakarta.annotation-api\2.1.1\jakarta.annotation-api-2.1.1.jar;C:\Users\igorp\.m2\repository\org\yaml\snakeyaml\2.2\snakeyaml-2.2.jar;C:\Users\igorp\.m2\repository\org\mongodb\mongodb-driver-sync\5.0.1\mongodb-driver-sync-5.0.1.jar;C:\Users\igorp\.m2\repository\org\mongodb\bson\5.0.1\bson-5.0.1.jar;C:\Users\igorp\.m2\repository\org\mongodb\mongodb-driver-core\5.0.1\mongodb-driver-core-5.0.1.jar;C:\Users\igorp\.m2\repository\org\mongodb\bson-record-codec\5.0.1\bson-record-codec-5.0.1.jar;C:\Users\igorp\.m2\repository\org\springframework\data\spring-data-mongodb\4.3.5\spring-data-mongodb-4.3.5.jar;C:\Users\igorp\.m2\repository\org\springframework\spring-tx\6.1.14\spring-tx-6.1.14.jar;C:\Users\igorp\.m2\repository\org\springframework\spring-context\6.1.14\spring-context-6.1.14.jar;C:\Users\igorp\.m2\repository\org\springframework\spring-beans\6.1.14\spring-beans-6.1.14.jar;C:\Users\igorp\.m2\repository\org\springframework\spring-expression\6.1.14\spring-expression-6.1.14.jar;C:\Users\igorp\.m2\repository\org\springframework\data\spring-data-commons\3.3.5\spring-data-commons-3.3.5.jar;C:\Users\igorp\.m2\repository\org\slf4j\slf4j-api\2.0.16\slf4j-api-2.0.16.jar;C:\Users\igorp\.m2\repository\org\springframework\boot\spring-boot-starter-security\3.3.5\spring-boot-starter-security-3.3.5.jar;C:\Users\igorp\.m2\repository\org\springframework\spring-aop\6.1.14\spring-aop-6.1.14.jar;C:\Users\igorp\.m2\repository\org\springframework\security\spring-security-config\6.3.4\spring-security-config-6.3.4.jar;C:\Users\igorp\.m2\repository\org\springframework\security\spring-security-web\6.3.4\spring-security-web-6.3.4.jar;C:\Users\igorp\.m2\repository\org\springframework\boot\spring-boot-starter-web\3.3.5\spring-boot-starter-web-3.3.5.jar;C:\Users\igorp\.m2\repository\org\springframework\boot\spring-boot-starter-json\3.3.5\spring-boot-starter-json-3.3.5.jar;C:\Users\igorp\.m2\repository\com\fasterxml\jackson\core\jackson-databind\2.17.2\jackson-databind-2.17.2.jar;C:\Users\igorp\.m2\repository\com\fasterxml\jackson\core\jackson-annotations\2.17.2\jackson-annotations-2.17.2.jar;C:\Users\igorp\.m2\repository\com\fasterxml\jackson\core\jackson-core\2.17.2\jackson-core-2.17.2.jar;C:\Users\igorp\.m2\repository\com\fasterxml\jackson\datatype\jackson-datatype-jdk8\2.17.2\jackson-datatype-jdk8-2.17.2.jar;C:\Users\igorp\.m2\repository\com\fasterxml\jackson\datatype\jackson-datatype-jsr310\2.17.2\jackson-datatype-jsr310-2.17.2.jar;C:\Users\igorp\.m2\repository\com\fasterxml\jackson\module\jackson-module-parameter-names\2.17.2\jackson-module-parameter-names-2.17.2.jar;C:\Users\igorp\.m2\repository\org\springframework\boot\spring-boot-starter-tomcat\3.3.5\spring-boot-starter-tomcat-3.3.5.jar;C:\Users\igorp\.m2\repository\org\apache\tomcat\embed\tomcat-embed-core\10.1.31\tomcat-embed-core-10.1.31.jar;C:\Users\igorp\.m2\repository\org\apache\tomcat\embed\tomcat-embed-el\10.1.31\tomcat-embed-el-10.1.31.jar;C:\Users\igorp\.m2\repository\org\apache\tomcat\embed\tomcat-embed-websocket\10.1.31\tomcat-embed-websocket-10.1.31.jar;C:\Users\igorp\.m2\repository\org\springframework\spring-web\6.1.14\spring-web-6.1.14.jar;C:\Users\igorp\.m2\repository\io\micrometer\micrometer-observation\1.13.6\micrometer-observation-1.13.6.jar;C:\Users\igorp\.m2\repository\io\micrometer\micrometer-commons\1.13.6\micrometer-commons-1.13.6.jar;C:\Users\igorp\.m2\repository\org\springframework\spring-webmvc\6.1.14\spring-webmvc-6.1.14.jar;C:\Users\igorp\.m2\repository\org\junit\jupiter\junit-jupiter\5.10.0\junit-jupiter-5.10.0.jar;C:\Users\igorp\.m2\repository\org\junit\jupiter\junit-jupiter-api\5.10.5\junit-jupiter-api-5.10.5.jar;C:\Users\igorp\.m2\repository\org\opentest4j\opentest4j\1.3.0\opentest4j-1.3.0.jar;C:\Users\igorp\.m2\repository\org\junit\platform\junit-platform-commons\1.10.5\junit-platform-commons-1.10.5.jar;C:\Users\igorp\.m2\repository\org\apiguardian\apiguardian-api\1.1.2\apiguardian-api-1.1.2.jar;C:\Users\igorp\.m2\repository\org\junit\jupiter\junit-jupiter-params\5.10.5\junit-jupiter-params-5.10.5.jar;C:\Users\igorp\.m2\repository\org\junit\jupiter\junit-jupiter-engine\5.10.5\junit-jupiter-engine-5.10.5.jar;C:\Users\igorp\.m2\repository\org\junit\platform\junit-platform-engine\1.10.5\junit-platform-engine-1.10.5.jar;C:\Users\igorp\.m2\repository\org\testcontainers\junit-jupiter\1.20.4\junit-jupiter-1.20.4.jar;C:\Users\igorp\.m2\repository\org\testcontainers\testcontainers\1.20.4\testcontainers-1.20.4.jar;C:\Users\igorp\.m2\repository\junit\junit\4.13.2\junit-4.13.2.jar;C:\Users\igorp\.m2\repository\org\hamcrest\hamcrest-core\2.2\hamcrest-core-2.2.jar;C:\Users\igorp\.m2\repository\org\apache\commons\commons-compress\1.24.0\commons-compress-1.24.0.jar;C:\Users\igorp\.m2\repository\org\rnorth\duct-tape\duct-tape\1.0.8\duct-tape-1.0.8.jar;C:\Users\igorp\.m2\repository\org\jetbrains\annotations\17.0.0\annotations-17.0.0.jar;C:\Users\igorp\.m2\repository\com\github\docker-java\docker-java-api\3.4.0\docker-java-api-3.4.0.jar;C:\Users\igorp\.m2\repository\com\github\docker-java\docker-java-transport-zerodep\3.4.0\docker-java-transport-zerodep-3.4.0.jar;C:\Users\igorp\.m2\repository\com\github\docker-java\docker-java-transport\3.4.0\docker-java-transport-3.4.0.jar;C:\Users\igorp\.m2\repository\net\java\dev\jna\jna\5.13.0\jna-5.13.0.jar;C:\Users\igorp\.m2\repository\org\testcontainers\mongodb\1.20.4\mongodb-1.20.4.jar;C:\Users\igorp\.m2\repository\org\postgresql\postgresql\42.7.4\postgresql-42.7.4.jar;C:\Users\igorp\.m2\repository\org\checkerframework\checker-qual\3.42.0\checker-qual-3.42.0.jar;C:\Users\igorp\.m2\repository\org\projectlombok\lombok\1.18.34\lombok-1.18.34.jar;C:\Users\igorp\.m2\repository\org\springframework\boot\spring-boot-starter-test\3.3.5\spring-boot-starter-test-3.3.5.jar;C:\Users\igorp\.m2\repository\org\springframework\boot\spring-boot-test\3.3.5\spring-boot-test-3.3.5.jar;C:\Users\igorp\.m2\repository\org\springframework\boot\spring-boot-test-autoconfigure\3.3.5\spring-boot-test-autoconfigure-3.3.5.jar;C:\Users\igorp\.m2\repository\com\jayway\jsonpath\json-path\2.9.0\json-path-2.9.0.jar;C:\Users\igorp\.m2\repository\jakarta\xml\bind\jakarta.xml.bind-api\4.0.2\jakarta.xml.bind-api-4.0.2.jar;C:\Users\igorp\.m2\repository\jakarta\activation\jakarta.activation-api\2.1.3\jakarta.activation-api-2.1.3.jar;C:\Users\igorp\.m2\repository\net\minidev\json-smart\2.5.1\json-smart-2.5.1.jar;C:\Users\igorp\.m2\repository\net\minidev\accessors-smart\2.5.1\accessors-smart-2.5.1.jar;C:\Users\igorp\.m2\repository\org\ow2\asm\asm\9.6\asm-9.6.jar;C:\Users\igorp\.m2\repository\org\assertj\assertj-core\3.25.3\assertj-core-3.25.3.jar;C:\Users\igorp\.m2\repository\net\bytebuddy\byte-buddy\1.14.19\byte-buddy-1.14.19.jar;C:\Users\igorp\.m2\repository\org\awaitility\awaitility\4.2.2\awaitility-4.2.2.jar;C:\Users\igorp\.m2\repository\org\hamcrest\hamcrest\2.2\hamcrest-2.2.jar;C:\Users\igorp\.m2\repository\org\mockito\mockito-core\5.11.0\mockito-core-5.11.0.jar;C:\Users\igorp\.m2\repository\net\bytebuddy\byte-buddy-agent\1.14.19\byte-buddy-agent-1.14.19.jar;C:\Users\igorp\.m2\repository\org\objenesis\objenesis\3.3\objenesis-3.3.jar;C:\Users\igorp\.m2\repository\org\mockito\mockito-junit-jupiter\5.11.0\mockito-junit-jupiter-5.11.0.jar;C:\Users\igorp\.m2\repository\org\skyscreamer\jsonassert\1.5.3\jsonassert-1.5.3.jar;C:\Users\igorp\.m2\repository\com\vaadin\external\google\android-json\0.0.20131108.vaadin1\android-json-0.0.20131108.vaadin1.jar;C:\Users\igorp\.m2\repository\org\springframework\spring-core\6.1.14\spring-core-6.1.14.jar;C:\Users\igorp\.m2\repository\org\springframework\spring-jcl\6.1.14\spring-jcl-6.1.14.jar;C:\Users\igorp\.m2\repository\org\springframework\spring-test\6.1.14\spring-test-6.1.14.jar;C:\Users\igorp\.m2\repository\org\xmlunit\xmlunit-core\2.9.1\xmlunit-core-2.9.1.jar;C:\Users\igorp\.m2\repository\org\springframework\security\spring-security-test\6.3.4\spring-security-test-6.3.4.jar;C:\Users\igorp\.m2\repository\org\springframework\security\spring-security-core\6.3.4\spring-security-core-6.3.4.jar;C:\Users\igorp\.m2\repository\org\springframework\security\spring-security-crypto\6.3.4\spring-security-crypto-6.3.4.jar;"/>
    <property name="sun.cpu.endian" value="little"/>
    <property name="user.home" value="C:\Users\igorp"/>
    <property name="user.language" value="pt"/>
    <property name="java.specification.vendor" value="Oracle Corporation"/>
    <property name="java.version.date" value="2024-01-16"/>
    <property name="java.home" value="C:\Users\igorp\.jdks\openjdk-21.0.2"/>
    <property name="file.separator" value="\"/>
    <property name="basedir" value="C:\Users\igorp\Documents\Code\Igor\projects\zilla-order\zilla-order"/>
    <property name="java.vm.compressedOopsMode" value="Zero based"/>
    <property name="line.separator" value="&#10;"/>
    <property name="java.vm.specification.vendor" value="Oracle Corporation"/>
    <property name="java.specification.name" value="Java Platform API Specification"/>
    <property name="FILE_LOG_CHARSET" value="UTF-8"/>
    <property name="java.awt.headless" value="true"/>
    <property name="surefire.real.class.path" value="C:\Users\igorp\AppData\Local\Temp\surefire6650089794105376994\surefirebooter-20241204184413379_3.jar"/>
    <property name="user.script" value=""/>
    <property name="sun.management.compiler" value="HotSpot 64-Bit Tiered Compilers"/>
    <property name="java.runtime.version" value="21.0.2+13-58"/>
    <property name="user.name" value="igorp"/>
    <property name="stdout.encoding" value="Cp1252"/>
    <property name="path.separator" value=";"/>
    <property name="os.version" value="10.0"/>
    <property name="java.runtime.name" value="OpenJDK Runtime Environment"/>
    <property name="file.encoding" value="UTF-8"/>
    <property name="java.vm.name" value="OpenJDK 64-Bit Server VM"/>
    <property name="localRepository" value="C:\Users\igorp\.m2\repository"/>
    <property name="java.vendor.url.bug" value="https://bugreport.java.com/bugreport/"/>
    <property name="java.io.tmpdir" value="C:\Users\igorp\AppData\Local\Temp\"/>
    <property name="idea.version" value="2023.1"/>
    <property name="java.version" value="21.0.2"/>
    <property name="user.dir" value="C:\Users\igorp\Documents\Code\Igor\projects\zilla-order\zilla-order"/>
    <property name="os.arch" value="amd64"/>
    <property name="java.vm.specification.name" value="Java Virtual Machine Specification"/>
    <property name="PID" value="83524"/>
    <property name="sun.os.patch.level" value=""/>
    <property name="CONSOLE_LOG_CHARSET" value="UTF-8"/>
    <property name="native.encoding" value="Cp1252"/>
    <property name="java.library.path" value="C:\Users\igorp\.jdks\openjdk-21.0.2\bin;C:\WINDOWS\Sun\Java\bin;C:\WINDOWS\system32;C:\WINDOWS;C:\Program Files\Common Files\Oracle\Java\javapath;C:\Program Files (x86)\Common Files\Oracle\Java\java8path;C:\Program Files (x86)\Common Files\Oracle\Java\javapath;C:\Windows\system32;C:\Windows;C:\Windows\System32\Wbem;C:\Windows\System32\WindowsPowerShell\v1.0\;C:\Windows\System32\OpenSSH\;C:\Program Files\dotnet\;C:\Program Files\NVIDIA Corporation\NVIDIA NvDLISR;C:\Program Files (x86)\NVIDIA Corporation\PhysX\Common;C:\ProgramData\chocolatey\bin;C:\Users\igorp\AppData\Local\Programs\Python\Python311;C:\Program Files\Microsoft SQL Server\150\Tools\Binn\;C:\Program Files\Microsoft SQL Server\Client SDK\ODBC\170\Tools\Binn\;C:\Program Files\Docker\Docker\resources\bin;C:\Users\igorp\AppData\Roaming\nvm;C:\Program Files\nodejs;C:\WINDOWS\system32;C:\WINDOWS;C:\WINDOWS\System32\Wbem;C:\WINDOWS\System32\WindowsPowerShell\v1.0\;C:\WINDOWS\System32\OpenSSH\;C:\Program Files\Git\cmd;C:\Users\igorp\AppData\Local\Programs\Python\Python311\Scripts\;C:\Users\igorp\AppData\Local\Programs\Python\Python311\;C:\Users\igorp\AppData\Local\Microsoft\WindowsApps;C:\Users\igorp\AppData\Local\Programs\Microsoft VS Code\bin;C:\Program Files\JetBrains\IntelliJ IDEA 2023.1\bin;;C:\Users\igorp\.dotnet\tools;C:\Users\igorp\AppData\Local\GitHubDesktop\bin;C:\Users\igorp\AppData\Roaming\nvm;C:\Program Files\nodejs;;."/>
    <property name="java.vm.info" value="mixed mode, sharing"/>
    <property name="stderr.encoding" value="Cp1252"/>
    <property name="java.vendor" value="Oracle Corporation"/>
    <property name="java.vm.version" value="21.0.2+13-58"/>
    <property name="sun.io.unicode.encoding" value="UnicodeLittle"/>
    <property name="java.class.version" value="65.0"/>
    <property name="LOGGED_APPLICATION_NAME" value="[zilla-order] "/>
  </properties>
  <testcase name="shouldCreateProduct" classname="com.devigor.zilla_order.controller.ProductControllerTest" time="6.781">
    <system-out><![CDATA[18:44:14.950 [main] INFO org.springframework.test.context.support.AnnotationConfigContextLoaderUtils -- Could not detect default configuration classes for test class [com.devigor.zilla_order.controller.ProductControllerTest]: ProductControllerTest does not declare any static, non-private, non-final, nested classes annotated with @Configuration.
18:44:15.151 [main] INFO org.springframework.boot.test.context.SpringBootTestContextBootstrapper -- Found @SpringBootConfiguration com.devigor.zilla_order.ZillaOrderApplication for test class com.devigor.zilla_order.controller.ProductControllerTest
18:44:15.407 [main] INFO org.testcontainers.images.PullPolicy -- Image pull policy will be performed by: DefaultPullPolicy()
18:44:15.412 [main] INFO org.testcontainers.utility.ImageNameSubstitutor -- Image name substitution will be performed by: DefaultImageNameSubstitutor (composite of 'ConfigurationFileImageNameSubstitutor' and 'PrefixingImageNameSubstitutor')
18:44:15.488 [main] INFO org.testcontainers.DockerClientFactory -- Testcontainers version: 1.20.4
18:44:16.074 [main] INFO org.testcontainers.dockerclient.DockerClientProviderStrategy -- Found Docker environment with local Npipe socket (npipe:////./pipe/docker_engine)
18:44:16.088 [main] INFO org.testcontainers.DockerClientFactory -- Docker host IP address is localhost
18:44:16.114 [main] INFO org.testcontainers.DockerClientFactory -- Connected to docker: 
  Server Version: 24.0.7
  API Version: 1.43
  Operating System: Docker Desktop
  Total Memory: 7789 MB
18:44:16.172 [main] INFO tc.testcontainers/ryuk:0.11.0 -- Pulling docker image: testcontainers/ryuk:0.11.0. Please be patient; this may take some time but only needs to be done once.
18:44:16.498 [main] INFO org.testcontainers.utility.RegistryAuthLocator -- Credential helper/store (docker-credential-desktop) does not have credentials for https://index.docker.io/v1/
18:44:18.334 [docker-java-stream--1327023394] INFO tc.testcontainers/ryuk:0.11.0 -- Starting to pull image
18:44:18.354 [docker-java-stream--1327023394] INFO tc.testcontainers/ryuk:0.11.0 -- Pulling image layers:  0 pending,  0 downloaded,  0 extracted, (0 bytes/0 bytes)
18:44:19.595 [docker-java-stream--1327023394] INFO tc.testcontainers/ryuk:0.11.0 -- Pulling image layers:  2 pending,  1 downloaded,  0 extracted, (906 KB/? MB)
18:44:19.925 [docker-java-stream--1327023394] INFO tc.testcontainers/ryuk:0.11.0 -- Pulling image layers:  1 pending,  2 downloaded,  0 extracted, (6 MB/? MB)
18:44:20.109 [docker-java-stream--1327023394] INFO tc.testcontainers/ryuk:0.11.0 -- Pulling image layers:  0 pending,  3 downloaded,  0 extracted, (9 MB/10 MB)
18:44:20.366 [docker-java-stream--1327023394] INFO tc.testcontainers/ryuk:0.11.0 -- Pulling image layers:  0 pending,  3 downloaded,  1 extracted, (9 MB/10 MB)
18:44:20.571 [docker-java-stream--1327023394] INFO tc.testcontainers/ryuk:0.11.0 -- Pulling image layers:  0 pending,  3 downloaded,  2 extracted, (10 MB/10 MB)
18:44:20.670 [docker-java-stream--1327023394] INFO tc.testcontainers/ryuk:0.11.0 -- Pulling image layers:  0 pending,  3 downloaded,  3 extracted, (10 MB/10 MB)
18:44:20.704 [docker-java-stream--1327023394] INFO tc.testcontainers/ryuk:0.11.0 -- Pull complete. 3 layers, pulled in 2s (downloaded 10 MB at 5 MB/s)
18:44:20.704 [main] INFO tc.testcontainers/ryuk:0.11.0 -- Image testcontainers/ryuk:0.11.0 pull took PT4.5319962S
18:44:20.748 [main] INFO tc.testcontainers/ryuk:0.11.0 -- Creating container for image: testcontainers/ryuk:0.11.0
18:44:21.115 [main] INFO tc.testcontainers/ryuk:0.11.0 -- Container testcontainers/ryuk:0.11.0 is starting: 640e9dda8265017f998a5f97406dccef1bc00b3ed4c495e35b29e3032d534518
18:44:21.813 [main] INFO tc.testcontainers/ryuk:0.11.0 -- Container testcontainers/ryuk:0.11.0 started in PT1.0651958S
18:44:21.826 [main] INFO org.testcontainers.utility.RyukResourceReaper -- Ryuk started - will monitor and terminate Testcontainers containers on JVM exit
18:44:21.826 [main] INFO org.testcontainers.DockerClientFactory -- Checking the system...
18:44:21.827 [main] INFO org.testcontainers.DockerClientFactory -- ✔︎ Docker server version should be at least 1.6.0
18:44:21.834 [main] INFO tc.mongo:4.4.2 -- Pulling docker image: mongo:4.4.2. Please be patient; this may take some time but only needs to be done once.
18:44:23.320 [docker-java-stream-1959233192] INFO tc.mongo:4.4.2 -- Starting to pull image
18:44:23.322 [docker-java-stream-1959233192] INFO tc.mongo:4.4.2 -- Pulling image layers:  0 pending,  0 downloaded,  0 extracted, (0 bytes/0 bytes)
18:44:24.226 [docker-java-stream-1959233192] INFO tc.mongo:4.4.2 -- Pulling image layers: 11 pending,  1 downloaded,  0 extracted, (162 bytes/? MB)
18:44:24.261 [docker-java-stream-1959233192] INFO tc.mongo:4.4.2 -- Pulling image layers: 10 pending,  2 downloaded,  0 extracted, (1012 bytes/? MB)
18:44:24.887 [docker-java-stream-1959233192] INFO tc.mongo:4.4.2 -- Pulling image layers:  9 pending,  3 downloaded,  0 extracted, (8 MB/? MB)
18:44:25.341 [docker-java-stream-1959233192] INFO tc.mongo:4.4.2 -- Pulling image layers:  8 pending,  4 downloaded,  0 extracted, (16 MB/? MB)
18:44:25.935 [docker-java-stream-1959233192] INFO tc.mongo:4.4.2 -- Pulling image layers:  7 pending,  5 downloaded,  0 extracted, (27 MB/? MB)
18:44:26.191 [docker-java-stream-1959233192] INFO tc.mongo:4.4.2 -- Pulling image layers:  6 pending,  6 downloaded,  0 extracted, (31 MB/? MB)
18:44:26.203 [docker-java-stream-1959233192] INFO tc.mongo:4.4.2 -- Pulling image layers:  5 pending,  7 downloaded,  0 extracted, (32 MB/? MB)
18:44:26.517 [docker-java-stream-1959233192] INFO tc.mongo:4.4.2 -- Pulling image layers:  4 pending,  8 downloaded,  0 extracted, (32 MB/? MB)
18:44:26.827 [docker-java-stream-1959233192] INFO tc.mongo:4.4.2 -- Pulling image layers:  3 pending,  9 downloaded,  0 extracted, (32 MB/? MB)
18:44:27.060 [docker-java-stream-1959233192] INFO tc.mongo:4.4.2 -- Pulling image layers:  2 pending, 10 downloaded,  0 extracted, (32 MB/? MB)
18:44:27.484 [docker-java-stream-1959233192] INFO tc.mongo:4.4.2 -- Pulling image layers:  1 pending, 11 downloaded,  0 extracted, (37 MB/? MB)
18:44:29.344 [docker-java-stream-1959233192] INFO tc.mongo:4.4.2 -- Pulling image layers:  1 pending, 11 downloaded,  1 extracted, (70 MB/? MB)
18:44:29.418 [docker-java-stream-1959233192] INFO tc.mongo:4.4.2 -- Pulling image layers:  1 pending, 11 downloaded,  2 extracted, (70 MB/? MB)
18:44:29.482 [docker-java-stream-1959233192] INFO tc.mongo:4.4.2 -- Pulling image layers:  1 pending, 11 downloaded,  3 extracted, (71 MB/? MB)
18:44:29.567 [docker-java-stream-1959233192] INFO tc.mongo:4.4.2 -- Pulling image layers:  1 pending, 11 downloaded,  4 extracted, (73 MB/? MB)
18:44:30.146 [docker-java-stream-1959233192] INFO tc.mongo:4.4.2 -- Pulling image layers:  1 pending, 11 downloaded,  5 extracted, (82 MB/? MB)
18:44:30.736 [docker-java-stream-1959233192] INFO tc.mongo:4.4.2 -- Pulling image layers:  1 pending, 11 downloaded,  6 extracted, (91 MB/? MB)
18:44:30.785 [docker-java-stream-1959233192] INFO tc.mongo:4.4.2 -- Pulling image layers:  1 pending, 11 downloaded,  7 extracted, (91 MB/? MB)
18:44:30.835 [docker-java-stream-1959233192] INFO tc.mongo:4.4.2 -- Pulling image layers:  1 pending, 11 downloaded,  8 extracted, (91 MB/? MB)
18:44:30.883 [docker-java-stream-1959233192] INFO tc.mongo:4.4.2 -- Pulling image layers:  1 pending, 11 downloaded,  9 extracted, (94 MB/? MB)
18:44:34.727 [docker-java-stream-1959233192] INFO tc.mongo:4.4.2 -- Pulling image layers:  0 pending, 12 downloaded,  9 extracted, (169 MB/169 MB)
18:44:39.806 [docker-java-stream-1959233192] INFO tc.mongo:4.4.2 -- Pulling image layers:  0 pending, 12 downloaded, 10 extracted, (169 MB/169 MB)
18:44:39.843 [docker-java-stream-1959233192] INFO tc.mongo:4.4.2 -- Pulling image layers:  0 pending, 12 downloaded, 11 extracted, (169 MB/169 MB)
18:44:39.877 [docker-java-stream-1959233192] INFO tc.mongo:4.4.2 -- Pulling image layers:  0 pending, 12 downloaded, 12 extracted, (169 MB/169 MB)
18:44:39.910 [main] INFO tc.mongo:4.4.2 -- Image mongo:4.4.2 pull took PT18.0760012S
18:44:39.910 [docker-java-stream-1959233192] INFO tc.mongo:4.4.2 -- Pull complete. 12 layers, pulled in 16s (downloaded 169 MB at 10 MB/s)
18:44:39.917 [main] INFO tc.mongo:4.4.2 -- Creating container for image: mongo:4.4.2
18:44:40.692 [main] INFO tc.mongo:4.4.2 -- Container mongo:4.4.2 is starting: bd3956ae4b6d20e14df1748696217ca792f813e775189edf49db24363762f9cd
18:44:42.427 [main] INFO tc.mongo:4.4.2 -- Container mongo:4.4.2 started in PT2.5102061S

  .   ____          _            __ _ _
 /\\ / ___'_ __ _ _(_)_ __  __ _ \ \ \ \
( ( )\___ | '_ | '_| | '_ \/ _` | \ \ \ \
 \\/  ___)| |_)| | | | | || (_| |  ) ) ) )
  '  |____| .__|_| |_|_| |_\__, | / / / /
 =========|_|==============|___/=/_/_/_/

 :: Spring Boot ::                (v3.3.5)

2024-12-04T18:44:43.584Z  INFO 83524 --- [zilla-order] [           main] c.d.z.controller.ProductControllerTest   : Starting ProductControllerTest using Java 21.0.2 with PID 83524 (started by igorp in C:\Users\igorp\Documents\Code\Igor\projects\zilla-order\zilla-order)
2024-12-04T18:44:43.587Z  INFO 83524 --- [zilla-order] [           main] c.d.z.controller.ProductControllerTest   : No active profile set, falling back to 1 default profile: "default"
2024-12-04T18:44:45.268Z  INFO 83524 --- [zilla-order] [           main] .s.d.r.c.RepositoryConfigurationDelegate : Bootstrapping Spring Data MongoDB repositories in DEFAULT mode.
2024-12-04T18:44:45.500Z  INFO 83524 --- [zilla-order] [           main] .s.d.r.c.RepositoryConfigurationDelegate : Finished Spring Data repository scanning in 211 ms. Found 1 MongoDB repository interface.
2024-12-04T18:44:46.775Z  INFO 83524 --- [zilla-order] [           main] org.mongodb.driver.client                : MongoClient with metadata {"driver": {"name": "mongo-java-driver|sync|spring-boot", "version": "5.0.1"}, "os": {"type": "Windows", "name": "Windows 11", "architecture": "amd64", "version": "10.0"}, "platform": "Java/Oracle Corporation/21.0.2+13-58"} created with settings MongoClientSettings{readPreference=primary, writeConcern=WriteConcern{w=null, wTimeout=null ms, journal=null}, retryWrites=true, retryReads=true, readConcern=ReadConcern{level=null}, credential=null, transportSettings=null, commandListeners=[], codecRegistry=ProvidersCodecRegistry{codecProviders=[ValueCodecProvider{}, BsonValueCodecProvider{}, DBRefCodecProvider{}, DBObjectCodecProvider{}, DocumentCodecProvider{}, CollectionCodecProvider{}, IterableCodecProvider{}, MapCodecProvider{}, GeoJsonCodecProvider{}, GridFSFileCodecProvider{}, Jsr310CodecProvider{}, JsonObjectCodecProvider{}, BsonCodecProvider{}, EnumCodecProvider{}, com.mongodb.client.model.mql.ExpressionCodecProvider@671d97bc, com.mongodb.Jep395RecordCodecProvider@774f2992, com.mongodb.KotlinCodecProvider@602298b]}, loggerSettings=LoggerSettings{maxDocumentLength=1000}, clusterSettings={hosts=[localhost:61376], srvServiceName=mongodb, mode=SINGLE, requiredClusterType=UNKNOWN, requiredReplicaSetName='null', serverSelector='null', clusterListeners='[]', serverSelectionTimeout='30000 ms', localThreshold='15 ms'}, socketSettings=SocketSettings{connectTimeoutMS=10000, readTimeoutMS=0, receiveBufferSize=0, proxySettings=ProxySettings{host=null, port=null, username=null, password=null}}, heartbeatSocketSettings=SocketSettings{connectTimeoutMS=10000, readTimeoutMS=10000, receiveBufferSize=0, proxySettings=ProxySettings{host=null, port=null, username=null, password=null}}, connectionPoolSettings=ConnectionPoolSettings{maxSize=100, minSize=0, maxWaitTimeMS=120000, maxConnectionLifeTimeMS=0, maxConnectionIdleTimeMS=0, maintenanceInitialDelayMS=0, maintenanceFrequencyMS=60000, connectionPoolListeners=[], maxConnecting=2}, serverSettings=ServerSettings{heartbeatFrequencyMS=10000, minHeartbeatFrequencyMS=500, serverListeners='[]', serverMonitorListeners='[]'}, sslSettings=SslSettings{enabled=false, invalidHostNameAllowed=false, context=null}, applicationName='null', compressorList=[], uuidRepresentation=JAVA_LEGACY, serverApi=null, autoEncryptionSettings=null, dnsClient=null, inetAddressResolver=null, contextProvider=null}
2024-12-04T18:44:46.809Z  INFO 83524 --- [zilla-order] [localhost:61376] org.mongodb.driver.cluster               : Monitor thread successfully connected to server with description ServerDescription{address=localhost:61376, type=REPLICA_SET_PRIMARY, state=CONNECTED, ok=true, minWireVersion=0, maxWireVersion=9, maxDocumentSize=16777216, logicalSessionTimeoutMinutes=30, roundTripTimeNanos=81181200, setName='docker-rs', canonicalAddress=bd3956ae4b6d:27017, hosts=[bd3956ae4b6d:27017], passives=[], arbiters=[], primary='bd3956ae4b6d:27017', tagSet=TagSet{[]}, electionId=7fffffff0000000000000001, setVersion=1, topologyVersion=TopologyVersion{processId=6750a319df7202e4a91dfa12, counter=6}, lastWriteDate=Wed Dec 04 18:44:42 WET 2024, lastUpdateTimeNanos=801790173677600}
2024-12-04T18:44:47.963Z  WARN 83524 --- [zilla-order] [           main] .s.s.UserDetailsServiceAutoConfiguration : 

Using generated security password: 0da7acf6-204d-49c0-b610-665d44cf120d

This generated password is for development use only. Your security configuration must be updated before running your application in production.

2024-12-04T18:44:48.048Z  INFO 83524 --- [zilla-order] [           main] r$InitializeUserDetailsManagerConfigurer : Global AuthenticationManager configured with UserDetailsService bean with name inMemoryUserDetailsManager
2024-12-04T18:44:50.074Z  INFO 83524 --- [zilla-order] [           main] o.s.b.t.m.w.SpringBootMockServletContext : Initializing Spring TestDispatcherServlet ''
2024-12-04T18:44:50.075Z  INFO 83524 --- [zilla-order] [           main] o.s.t.web.servlet.TestDispatcherServlet  : Initializing Servlet ''
2024-12-04T18:44:50.081Z  INFO 83524 --- [zilla-order] [           main] o.s.t.web.servlet.TestDispatcherServlet  : Completed initialization in 6 ms
2024-12-04T18:44:50.161Z  INFO 83524 --- [zilla-order] [           main] c.d.z.controller.ProductControllerTest   : Started ProductControllerTest in 7.116 seconds (process running for 36.575)
2024-12-04T18:44:50.173Z  INFO 83524 --- [zilla-order] [           main] c.d.zilla_order.ZillaOrderApplication    : Customers found with findAll():
2024-12-04T18:44:50.174Z  INFO 83524 --- [zilla-order] [           main] c.d.zilla_order.ZillaOrderApplication    : -------------------------------
2024-12-04T18:44:56.017Z  INFO 83524 --- [zilla-order] [           main] c.d.zilla_order.service.ProductService   : Product Iphone 10 created successfully
]]></system-out>
    <system-err><![CDATA[WARNING: A Java agent has been loaded dynamically (C:\Users\igorp\.m2\repository\net\bytebuddy\byte-buddy-agent\1.14.19\byte-buddy-agent-1.14.19.jar)
WARNING: If a serviceability tool is in use, please run with -XX:+EnableDynamicAgentLoading to hide this warning
WARNING: If a serviceability tool is not in use, please run with -Djdk.instrument.traceUsage for more information
WARNING: Dynamic loading of agents will be disallowed by default in a future release
]]></system-err>
  </testcase>
</testsuite>